<?xml version="1.0" encoding="UTF-8"?>
<!-- Generated by org.testng.reporters.JUnitReportReporter -->
<testsuite hostname="DESKTOP-5SS5CUC" failures="0" tests="1" name="tests.PollTest" time="4.202" errors="0" timestamp="2021-04-24T16:22:32 EET" skipped="0">
  <testcase classname="tests.PollTest" name="UserCanCreatePoll" time="4.202"/>
  <system-out/>
</testsuite> <!-- tests.PollTest -->
