<?xml version="1.0" encoding="UTF-8"?>
<!-- Generated by org.testng.reporters.JUnitReportReporter -->
<testsuite hostname="DESKTOP-5SS5CUC" failures="0" tests="1" name="tests.ReplyTest" time="2.979" errors="0" timestamp="2021-04-24T16:22:32 EET" skipped="0">
  <testcase classname="tests.ReplyTest" name="UserCanReply" time="2.979"/>
  <system-out/>
</testsuite> <!-- tests.ReplyTest -->
